<?xml version="1.0" encoding="UTF-8"?>
<!-- Generated by org.testng.reporters.JUnitReportReporter -->
<testsuite hostname="DESKTOP-KMCTGLT" failures="0" tests="1" name="com.Calculator.TestCases.TC_04_Test_Multiplication" time="11.965" errors="0" timestamp="2023-05-17T17:24:27 IST" skipped="0">
  <testcase classname="com.Calculator.TestCases.TC_04_Test_Multiplication" name="test_Multiplication" time="11.965"/>
  <system-out/>
</testsuite> <!-- com.Calculator.TestCases.TC_04_Test_Multiplication -->
