<?xml version="1.0" encoding="UTF-8"?>
<!-- Generated by org.testng.reporters.JUnitReportReporter -->
<testsuite hostname="DESKTOP-KMCTGLT" failures="0" tests="1" name="com.Calculator.TestCases.TC_01_Test_Number" time="26.026" errors="0" timestamp="2023-04-29T18:46:38 IST" skipped="0">
  <testcase classname="com.Calculator.TestCases.TC_01_Test_Number" name="test_Number" time="26.026"/>
  <system-out/>
</testsuite> <!-- com.Calculator.TestCases.TC_01_Test_Number -->
