<?xml version="1.0" encoding="UTF-8"?>
<!-- Generated by org.testng.reporters.JUnitReportReporter -->
<testsuite hostname="DESKTOP-KMCTGLT" failures="0" tests="1" name="com.Calculator.TestCases.TC_01_Test_Number" time="21.958" errors="0" timestamp="2023-05-17T17:24:27 IST" skipped="0">
  <testcase classname="com.Calculator.TestCases.TC_01_Test_Number" name="test_Number" time="21.958"/>
  <system-out/>
</testsuite> <!-- com.Calculator.TestCases.TC_01_Test_Number -->
