<?xml version="1.0" encoding="UTF-8"?>
<!-- Generated by org.testng.reporters.JUnitReportReporter -->
<testsuite hostname="DESKTOP-KMCTGLT" failures="0" tests="1" name="com.Calculator.TestCases.TC_02_Test_Addition" time="11.686" errors="0" timestamp="2023-05-17T17:24:27 IST" skipped="0">
  <testcase classname="com.Calculator.TestCases.TC_02_Test_Addition" name="test_Addition" time="11.686"/>
  <system-out/>
</testsuite> <!-- com.Calculator.TestCases.TC_02_Test_Addition -->
