<?xml version="1.0" encoding="UTF-8"?>
<!-- Generated by org.testng.reporters.JUnitReportReporter -->
<testsuite hostname="DESKTOP-KMCTGLT" failures="0" tests="1" name="com.Calculator.TestCases.TC_03_Test_Subtration" time="11.800" errors="0" timestamp="2023-05-17T17:24:27 IST" skipped="0">
  <testcase classname="com.Calculator.TestCases.TC_03_Test_Subtration" name="test_Subtraction" time="11.800"/>
  <system-out/>
</testsuite> <!-- com.Calculator.TestCases.TC_03_Test_Subtration -->
